{"/home/exszk/Git/keiko-diary/backend/configs/dynamoDb.config.ts": {"path":"/home/exszk/Git/keiko-diary/backend/configs/dynamoDb.config.ts","statementMap":{"0":{"start":{"line":1,"column":0},"end":{"line":1,"column":null}},"1":{"start":{"line":7,"column":0},"end":{"line":7,"column":28}},"2":{"start":{"line":10,"column":46},"end":{"line":67,"column":2}},"3":{"start":{"line":69,"column":0},"end":{"line":69,"column":30}}},"fnMap":{},"branchMap":{},"s":{"0":1,"1":1,"2":1,"3":1},"f":{},"b":{}}
,"/home/exszk/Git/keiko-diary/backend/lib/DynamoDb/DynamoDbTable.ts": {"path":"/home/exszk/Git/keiko-diary/backend/lib/DynamoDb/DynamoDbTable.ts","statementMap":{"0":{"start":{"line":3,"column":0},"end":{"line":3,"column":63}},"1":{"start":{"line":4,"column":0},"end":{"line":4,"column":74}},"2":{"start":{"line":12,"column":22},"end":{"line":21,"column":2}},"3":{"start":{"line":12,"column":68},"end":{"line":21,"column":2}},"4":{"start":{"line":29,"column":4},"end":{"line":29,"column":28}},"5":{"start":{"line":32,"column":30},"end":{"line":32,"column":57}},"6":{"start":{"line":34,"column":23},"end":{"line":34,"column":75}},"7":{"start":{"line":37,"column":18},"end":{"line":37,"column":69}},"8":{"start":{"line":38,"column":4},"end":{"line":38,"column":23}},"9":{"start":{"line":24,"column":0},"end":{"line":24,"column":21}}},"fnMap":{"0":{"name":"(anonymous_0)","decl":{"start":{"line":12,"column":22},"end":{"line":12,"column":23}},"loc":{"start":{"line":12,"column":68},"end":{"line":21,"column":2}}},"1":{"name":"(anonymous_1)","decl":{"start":{"line":28,"column":2},"end":{"line":28,"column":14}},"loc":{"start":{"line":28,"column":74},"end":{"line":39,"column":3}}}},"branchMap":{},"s":{"0":1,"1":1,"2":1,"3":4,"4":4,"5":4,"6":4,"7":4,"8":4,"9":1},"f":{"0":4,"1":4},"b":{}}
,"/home/exszk/Git/keiko-diary/backend/lib/DynamoDb/PutItemsFunction.ts": {"path":"/home/exszk/Git/keiko-diary/backend/lib/DynamoDb/PutItemsFunction.ts","statementMap":{"0":{"start":{"line":1,"column":0},"end":{"line":1,"column":25}},"1":{"start":{"line":3,"column":0},"end":{"line":3,"column":53}},"2":{"start":{"line":4,"column":0},"end":{"line":4,"column":null}},"3":{"start":{"line":11,"column":0},"end":{"line":11,"column":63}},"4":{"start":{"line":14,"column":0},"end":{"line":14,"column":50}},"5":{"start":{"line":23,"column":49},"end":{"line":23,"column":76}},"6":{"start":{"line":24,"column":2},"end":{"line":39,"column":3}},"7":{"start":{"line":26,"column":4},"end":{"line":26,"column":33}},"8":{"start":{"line":27,"column":18},"end":{"line":27,"column":62}},"9":{"start":{"line":28,"column":20},"end":{"line":28,"column":66}},"10":{"start":{"line":29,"column":4},"end":{"line":29,"column":51}},"11":{"start":{"line":30,"column":4},"end":{"line":38,"column":5}},"12":{"start":{"line":32,"column":25},"end":{"line":36,"column":8}},"13":{"start":{"line":37,"column":6},"end":{"line":37,"column":65}},"14":{"start":{"line":41,"column":36},"end":{"line":48,"column":4}},"15":{"start":{"line":49,"column":2},"end":{"line":49,"column":23}},"16":{"start":{"line":54,"column":54},"end":{"line":64,"column":4}},"17":{"start":{"line":65,"column":2},"end":{"line":65,"column":29}},"18":{"start":{"line":71,"column":4},"end":{"line":71,"column":28}},"19":{"start":{"line":74,"column":52},"end":{"line":77,"column":null}},"20":{"start":{"line":69,"column":0},"end":{"line":69,"column":21}}},"fnMap":{"0":{"name":"getAwsSdkCallOnCreate","decl":{"start":{"line":22,"column":9},"end":{"line":22,"column":30}},"loc":{"start":{"line":22,"column":58},"end":{"line":50,"column":1}}},"1":{"name":"getCustomResourceProps","decl":{"start":{"line":53,"column":9},"end":{"line":53,"column":31}},"loc":{"start":{"line":53,"column":59},"end":{"line":66,"column":1}}},"2":{"name":"(anonymous_2)","decl":{"start":{"line":70,"column":2},"end":{"line":70,"column":14}},"loc":{"start":{"line":70,"column":75},"end":{"line":79,"column":3}}}},"branchMap":{"0":{"loc":{"start":{"line":24,"column":2},"end":{"line":39,"column":3}},"type":"if","locations":[{"start":{"line":24,"column":2},"end":{"line":39,"column":3}}]}},"s":{"0":1,"1":1,"2":1,"3":1,"4":1,"5":2,"6":2,"7":2,"8":2,"9":2,"10":2,"11":2,"12":2,"13":2,"14":2,"15":2,"16":1,"17":1,"18":1,"19":1,"20":1},"f":{"0":2,"1":1,"2":1},"b":{"0":[2]}}
}
