TN:
SF:configs/dynamoDb.config.ts
FNF:0
FNH:0
DA:1,1
DA:7,1
DA:10,1
DA:69,1
LF:4
LH:4
BRF:0
BRH:0
end_of_record
TN:
SF:lib/DynamoDb/DynamoDbTable.ts
FN:12,(anonymous_0)
FN:28,(anonymous_1)
FNF:2
FNH:2
FNDA:4,(anonymous_0)
FNDA:4,(anonymous_1)
DA:3,1
DA:4,1
DA:12,4
DA:24,1
DA:29,4
DA:32,4
DA:34,4
DA:37,4
DA:38,4
LF:9
LH:9
BRF:0
BRH:0
end_of_record
TN:
SF:lib/DynamoDb/PutItemsFunction.ts
FN:22,getAwsSdkCallOnCreate
FN:53,getCustomResourceProps
FN:70,(anonymous_2)
FNF:3
FNH:3
FNDA:2,getAwsSdkCallOnCreate
FNDA:1,getCustomResourceProps
FNDA:1,(anonymous_2)
DA:1,1
DA:3,1
DA:4,1
DA:11,1
DA:14,1
DA:23,2
DA:24,2
DA:26,2
DA:27,2
DA:28,2
DA:29,2
DA:30,2
DA:32,2
DA:37,2
DA:41,2
DA:49,2
DA:54,1
DA:65,1
DA:69,1
DA:71,1
DA:74,1
LF:21
LH:21
BRDA:24,0,0,2
BRF:1
BRH:1
end_of_record
