<?xml version="1.0" encoding="UTF-8"?>
<coverage generated="1744126930481" clover="3.2.0">
  <project timestamp="1744126930481" name="All files">
    <metrics statements="45" coveredstatements="45" conditionals="4" coveredconditionals="4" methods="11" coveredmethods="11" elements="60" coveredelements="60" complexity="0" loc="45" ncloc="45" packages="3" files="3" classes="3"/>
    <package name="ACM">
      <metrics statements="14" coveredstatements="14" conditionals="2" coveredconditionals="2" methods="4" coveredmethods="4"/>
      <file name="AcmCertificate.ts" path="/home/exszk/Git/keiko-diary/infra/awscdk/lib/ACM/AcmCertificate.ts">
        <metrics statements="14" coveredstatements="14" conditionals="2" coveredconditionals="2" methods="4" coveredmethods="4"/>
        <line num="1" count="1" type="stmt"/>
        <line num="3" count="1" type="stmt"/>
        <line num="4" count="1" type="stmt"/>
        <line num="17" count="1" type="stmt"/>
        <line num="20" count="2" type="stmt"/>
        <line num="27" count="1" type="stmt"/>
        <line num="31" count="2" type="stmt"/>
        <line num="34" count="2" type="stmt"/>
        <line num="36" count="5" type="cond" truecount="2" falsecount="0"/>
        <line num="37" count="2" type="stmt"/>
        <line num="39" count="2" type="stmt"/>
        <line num="46" count="2" type="stmt"/>
        <line num="52" count="2" type="stmt"/>
        <line num="58" count="2" type="stmt"/>
      </file>
    </package>
    <package name="Route53">
      <metrics statements="13" coveredstatements="13" conditionals="2" coveredconditionals="2" methods="3" coveredmethods="3"/>
      <file name="Rout53PublicHostedZone.ts" path="/home/exszk/Git/keiko-diary/infra/awscdk/lib/Route53/Rout53PublicHostedZone.ts">
        <metrics statements="13" coveredstatements="13" conditionals="2" coveredconditionals="2" methods="3" coveredmethods="3"/>
        <line num="1" count="1" type="stmt"/>
        <line num="3" count="1" type="stmt"/>
        <line num="14" count="1" type="stmt"/>
        <line num="16" count="5" type="stmt"/>
        <line num="25" count="1" type="stmt"/>
        <line num="34" count="5" type="stmt"/>
        <line num="37" count="5" type="stmt"/>
        <line num="40" count="5" type="stmt"/>
        <line num="47" count="5" type="stmt"/>
        <line num="49" count="11" type="cond" truecount="2" falsecount="0"/>
        <line num="50" count="5" type="stmt"/>
        <line num="56" count="5" type="stmt"/>
        <line num="64" count="5" type="stmt"/>
      </file>
    </package>
    <package name="S3CloudFront">
      <metrics statements="18" coveredstatements="18" conditionals="0" coveredconditionals="0" methods="4" coveredmethods="4"/>
      <file name="BucketDistribution.ts" path="/home/exszk/Git/keiko-diary/infra/awscdk/lib/S3CloudFront/BucketDistribution.ts">
        <metrics statements="18" coveredstatements="18" conditionals="0" coveredconditionals="0" methods="4" coveredmethods="4"/>
        <line num="1" count="1" type="stmt"/>
        <line num="7" count="1" type="stmt"/>
        <line num="8" count="1" type="stmt"/>
        <line num="13" count="1" type="stmt"/>
        <line num="27" count="1" type="stmt"/>
        <line num="29" count="4" type="stmt"/>
        <line num="41" count="1" type="stmt"/>
        <line num="45" count="4" type="stmt"/>
        <line num="56" count="1" type="stmt"/>
        <line num="65" count="4" type="stmt"/>
        <line num="67" count="4" type="stmt"/>
        <line num="72" count="4" type="stmt"/>
        <line num="79" count="4" type="stmt"/>
        <line num="80" count="12" type="stmt"/>
        <line num="81" count="4" type="stmt"/>
        <line num="87" count="4" type="stmt"/>
        <line num="89" count="4" type="stmt"/>
        <line num="99" count="4" type="stmt"/>
      </file>
    </package>
  </project>
</coverage>
