{"/home/exszk/Git/keiko-diary/infra/awscdk/lib/ACM/AcmCertificate.ts": {"path":"/home/exszk/Git/keiko-diary/infra/awscdk/lib/ACM/AcmCertificate.ts","statementMap":{"0":{"start":{"line":1,"column":0},"end":{"line":1,"column":48}},"1":{"start":{"line":4,"column":0},"end":{"line":4,"column":null}},"2":{"start":{"line":17,"column":31},"end":{"line":24,"column":2}},"3":{"start":{"line":20,"column":24},"end":{"line":24,"column":2}},"4":{"start":{"line":31,"column":4},"end":{"line":31,"column":28}},"5":{"start":{"line":34,"column":36},"end":{"line":36,"column":null}},"6":{"start":{"line":40,"column":29},"end":{"line":43,"column":6}},"7":{"start":{"line":46,"column":22},"end":{"line":49,"column":44}},"8":{"start":{"line":48,"column":48},"end":{"line":48,"column":72}},"9":{"start":{"line":49,"column":28},"end":{"line":49,"column":43}},"10":{"start":{"line":52,"column":4},"end":{"line":56,"column":6}},"11":{"start":{"line":27,"column":0},"end":{"line":27,"column":13}}},"fnMap":{"0":{"name":"(anonymous_0)","decl":{"start":{"line":17,"column":31},"end":{"line":17,"column":null}},"loc":{"start":{"line":20,"column":24},"end":{"line":24,"column":2}}},"1":{"name":"(anonymous_1)","decl":{"start":{"line":30,"column":2},"end":{"line":30,"column":14}},"loc":{"start":{"line":30,"column":70},"end":{"line":57,"column":3}}},"2":{"name":"(anonymous_2)","decl":{"start":{"line":48,"column":37},"end":{"line":48,"column":38}},"loc":{"start":{"line":48,"column":48},"end":{"line":48,"column":72}}},"3":{"name":"(anonymous_3)","decl":{"start":{"line":49,"column":21},"end":{"line":49,"column":22}},"loc":{"start":{"line":49,"column":28},"end":{"line":49,"column":43}}}},"branchMap":{"0":{"loc":{"start":{"line":48,"column":48},"end":{"line":48,"column":72}},"type":"cond-expr","locations":[{"start":{"line":48,"column":52},"end":{"line":48,"column":67}},{"start":{"line":48,"column":70},"end":{"line":48,"column":72}}]}},"s":{"0":1,"1":1,"2":1,"3":6,"4":6,"5":6,"6":6,"7":6,"8":17,"9":6,"10":6,"11":1},"f":{"0":6,"1":6,"2":17,"3":6},"b":{"0":[15,2]}}
,"/home/exszk/Git/keiko-diary/infra/awscdk/lib/Route53/Rout53PublicHostedZone.ts": {"path":"/home/exszk/Git/keiko-diary/infra/awscdk/lib/Route53/Rout53PublicHostedZone.ts","statementMap":{"0":{"start":{"line":1,"column":0},"end":{"line":1,"column":48}},"1":{"start":{"line":3,"column":0},"end":{"line":3,"column":null}},"2":{"start":{"line":14,"column":33},"end":{"line":22,"column":2}},"3":{"start":{"line":16,"column":29},"end":{"line":22,"column":2}},"4":{"start":{"line":34,"column":4},"end":{"line":34,"column":28}},"5":{"start":{"line":37,"column":41},"end":{"line":37,"column":79}},"6":{"start":{"line":40,"column":34},"end":{"line":43,"column":6}},"7":{"start":{"line":47,"column":22},"end":{"line":50,"column":42}},"8":{"start":{"line":49,"column":46},"end":{"line":49,"column":70}},"9":{"start":{"line":50,"column":26},"end":{"line":50,"column":41}},"10":{"start":{"line":56,"column":29},"end":{"line":59,"column":null}},"11":{"start":{"line":64,"column":4},"end":{"line":64,"column":45}},"12":{"start":{"line":25,"column":0},"end":{"line":25,"column":13}}},"fnMap":{"0":{"name":"(anonymous_0)","decl":{"start":{"line":14,"column":33},"end":{"line":14,"column":null}},"loc":{"start":{"line":16,"column":29},"end":{"line":22,"column":2}}},"1":{"name":"(anonymous_2)","decl":{"start":{"line":49,"column":35},"end":{"line":49,"column":36}},"loc":{"start":{"line":49,"column":46},"end":{"line":49,"column":70}}},"2":{"name":"(anonymous_3)","decl":{"start":{"line":50,"column":19},"end":{"line":50,"column":20}},"loc":{"start":{"line":50,"column":26},"end":{"line":50,"column":41}}}},"branchMap":{"0":{"loc":{"start":{"line":49,"column":46},"end":{"line":49,"column":70}},"type":"cond-expr","locations":[{"start":{"line":49,"column":50},"end":{"line":49,"column":65}},{"start":{"line":49,"column":68},"end":{"line":49,"column":70}}]}},"s":{"0":1,"1":1,"2":1,"3":5,"4":5,"5":5,"6":5,"7":5,"8":11,"9":5,"10":5,"11":5,"12":1},"f":{"0":5,"1":11,"2":5},"b":{"0":[9,2]}}
,"/home/exszk/Git/keiko-diary/infra/awscdk/lib/S3CloudFrontRoute53/BucketDistributionARecord.ts": {"path":"/home/exszk/Git/keiko-diary/infra/awscdk/lib/S3CloudFrontRoute53/BucketDistributionARecord.ts","statementMap":{"0":{"start":{"line":1,"column":0},"end":{"line":1,"column":null}},"1":{"start":{"line":8,"column":0},"end":{"line":8,"column":null}},"2":{"start":{"line":13,"column":0},"end":{"line":13,"column":null}},"3":{"start":{"line":19,"column":0},"end":{"line":19,"column":null}},"4":{"start":{"line":27,"column":0},"end":{"line":27,"column":67}},"5":{"start":{"line":36,"column":23},"end":{"line":45,"column":2}},"6":{"start":{"line":38,"column":19},"end":{"line":45,"column":2}},"7":{"start":{"line":50,"column":29},"end":{"line":63,"column":2}},"8":{"start":{"line":54,"column":25},"end":{"line":63,"column":2}},"9":{"start":{"line":66,"column":24},"end":{"line":75,"column":2}},"10":{"start":{"line":70,"column":20},"end":{"line":75,"column":2}},"11":{"start":{"line":87,"column":4},"end":{"line":87,"column":28}},"12":{"start":{"line":89,"column":31},"end":{"line":90,"column":null}},"13":{"start":{"line":94,"column":24},"end":{"line":97,"column":6}},"14":{"start":{"line":101,"column":28},"end":{"line":103,"column":44}},"15":{"start":{"line":102,"column":58},"end":{"line":102,"column":73}},"16":{"start":{"line":103,"column":28},"end":{"line":103,"column":43}},"17":{"start":{"line":109,"column":4},"end":{"line":109,"column":79}},"18":{"start":{"line":113,"column":34},"end":{"line":115,"column":44}},"19":{"start":{"line":114,"column":46},"end":{"line":114,"column":61}},"20":{"start":{"line":115,"column":28},"end":{"line":115,"column":43}},"21":{"start":{"line":121,"column":4},"end":{"line":125,"column":6}},"22":{"start":{"line":127,"column":25},"end":{"line":130,"column":null}},"23":{"start":{"line":133,"column":29},"end":{"line":136,"column":44}},"24":{"start":{"line":135,"column":48},"end":{"line":135,"column":72}},"25":{"start":{"line":136,"column":28},"end":{"line":136,"column":43}},"26":{"start":{"line":142,"column":4},"end":{"line":146,"column":6}},"27":{"start":{"line":77,"column":0},"end":{"line":77,"column":13}}},"fnMap":{"0":{"name":"(anonymous_0)","decl":{"start":{"line":36,"column":23},"end":{"line":36,"column":null}},"loc":{"start":{"line":38,"column":19},"end":{"line":45,"column":2}}},"1":{"name":"(anonymous_1)","decl":{"start":{"line":50,"column":29},"end":{"line":50,"column":null}},"loc":{"start":{"line":54,"column":25},"end":{"line":63,"column":2}}},"2":{"name":"(anonymous_2)","decl":{"start":{"line":66,"column":24},"end":{"line":66,"column":null}},"loc":{"start":{"line":70,"column":20},"end":{"line":75,"column":2}}},"3":{"name":"(anonymous_4)","decl":{"start":{"line":102,"column":48},"end":{"line":102,"column":49}},"loc":{"start":{"line":102,"column":58},"end":{"line":102,"column":73}}},"4":{"name":"(anonymous_5)","decl":{"start":{"line":103,"column":21},"end":{"line":103,"column":22}},"loc":{"start":{"line":103,"column":28},"end":{"line":103,"column":43}}},"5":{"name":"(anonymous_6)","decl":{"start":{"line":114,"column":36},"end":{"line":114,"column":37}},"loc":{"start":{"line":114,"column":46},"end":{"line":114,"column":61}}},"6":{"name":"(anonymous_7)","decl":{"start":{"line":115,"column":21},"end":{"line":115,"column":22}},"loc":{"start":{"line":115,"column":28},"end":{"line":115,"column":43}}},"7":{"name":"(anonymous_8)","decl":{"start":{"line":135,"column":37},"end":{"line":135,"column":38}},"loc":{"start":{"line":135,"column":48},"end":{"line":135,"column":72}}},"8":{"name":"(anonymous_9)","decl":{"start":{"line":136,"column":21},"end":{"line":136,"column":22}},"loc":{"start":{"line":136,"column":28},"end":{"line":136,"column":43}}}},"branchMap":{"0":{"loc":{"start":{"line":135,"column":48},"end":{"line":135,"column":72}},"type":"cond-expr","locations":[{"start":{"line":135,"column":52},"end":{"line":135,"column":67}},{"start":{"line":135,"column":70},"end":{"line":135,"column":72}}]}},"s":{"0":1,"1":1,"2":1,"3":1,"4":1,"5":1,"6":4,"7":1,"8":4,"9":1,"10":4,"11":4,"12":4,"13":4,"14":4,"15":12,"16":4,"17":4,"18":4,"19":13,"20":4,"21":4,"22":4,"23":4,"24":12,"25":4,"26":4,"27":1},"f":{"0":4,"1":4,"2":4,"3":12,"4":4,"5":13,"6":4,"7":12,"8":4},"b":{"0":[8,4]}}
}
