{"/home/exszk/Git/keiko-diary/infra/awscdk/lib/ACM/AcmCertificate.ts": {"path":"/home/exszk/Git/keiko-diary/infra/awscdk/lib/ACM/AcmCertificate.ts","statementMap":{"0":{"start":{"line":1,"column":0},"end":{"line":1,"column":48}},"1":{"start":{"line":3,"column":0},"end":{"line":3,"column":106}},"2":{"start":{"line":4,"column":0},"end":{"line":4,"column":null}},"3":{"start":{"line":17,"column":31},"end":{"line":24,"column":2}},"4":{"start":{"line":20,"column":24},"end":{"line":24,"column":2}},"5":{"start":{"line":31,"column":4},"end":{"line":31,"column":28}},"6":{"start":{"line":34,"column":22},"end":{"line":37,"column":44}},"7":{"start":{"line":36,"column":48},"end":{"line":36,"column":72}},"8":{"start":{"line":37,"column":28},"end":{"line":37,"column":43}},"9":{"start":{"line":39,"column":30},"end":{"line":42,"column":null}},"10":{"start":{"line":46,"column":36},"end":{"line":48,"column":null}},"11":{"start":{"line":52,"column":29},"end":{"line":55,"column":6}},"12":{"start":{"line":58,"column":4},"end":{"line":62,"column":6}},"13":{"start":{"line":27,"column":0},"end":{"line":27,"column":13}}},"fnMap":{"0":{"name":"(anonymous_0)","decl":{"start":{"line":17,"column":31},"end":{"line":17,"column":null}},"loc":{"start":{"line":20,"column":24},"end":{"line":24,"column":2}}},"1":{"name":"(anonymous_1)","decl":{"start":{"line":30,"column":2},"end":{"line":30,"column":14}},"loc":{"start":{"line":30,"column":70},"end":{"line":63,"column":3}}},"2":{"name":"(anonymous_2)","decl":{"start":{"line":36,"column":37},"end":{"line":36,"column":38}},"loc":{"start":{"line":36,"column":48},"end":{"line":36,"column":72}}},"3":{"name":"(anonymous_3)","decl":{"start":{"line":37,"column":21},"end":{"line":37,"column":22}},"loc":{"start":{"line":37,"column":28},"end":{"line":37,"column":43}}}},"branchMap":{"0":{"loc":{"start":{"line":36,"column":48},"end":{"line":36,"column":72}},"type":"cond-expr","locations":[{"start":{"line":36,"column":52},"end":{"line":36,"column":67}},{"start":{"line":36,"column":70},"end":{"line":36,"column":72}}]}},"s":{"0":1,"1":1,"2":1,"3":1,"4":2,"5":2,"6":2,"7":5,"8":2,"9":2,"10":2,"11":2,"12":2,"13":1},"f":{"0":2,"1":2,"2":5,"3":2},"b":{"0":[4,1]}}
,"/home/exszk/Git/keiko-diary/infra/awscdk/lib/Route53/Rout53PublicHostedZone.ts": {"path":"/home/exszk/Git/keiko-diary/infra/awscdk/lib/Route53/Rout53PublicHostedZone.ts","statementMap":{"0":{"start":{"line":1,"column":0},"end":{"line":1,"column":48}},"1":{"start":{"line":3,"column":0},"end":{"line":3,"column":null}},"2":{"start":{"line":14,"column":33},"end":{"line":22,"column":2}},"3":{"start":{"line":16,"column":29},"end":{"line":22,"column":2}},"4":{"start":{"line":34,"column":4},"end":{"line":34,"column":28}},"5":{"start":{"line":37,"column":41},"end":{"line":37,"column":79}},"6":{"start":{"line":40,"column":34},"end":{"line":43,"column":6}},"7":{"start":{"line":47,"column":22},"end":{"line":50,"column":42}},"8":{"start":{"line":49,"column":46},"end":{"line":49,"column":70}},"9":{"start":{"line":50,"column":26},"end":{"line":50,"column":41}},"10":{"start":{"line":56,"column":29},"end":{"line":59,"column":null}},"11":{"start":{"line":64,"column":4},"end":{"line":64,"column":45}},"12":{"start":{"line":25,"column":0},"end":{"line":25,"column":13}}},"fnMap":{"0":{"name":"(anonymous_0)","decl":{"start":{"line":14,"column":33},"end":{"line":14,"column":null}},"loc":{"start":{"line":16,"column":29},"end":{"line":22,"column":2}}},"1":{"name":"(anonymous_2)","decl":{"start":{"line":49,"column":35},"end":{"line":49,"column":36}},"loc":{"start":{"line":49,"column":46},"end":{"line":49,"column":70}}},"2":{"name":"(anonymous_3)","decl":{"start":{"line":50,"column":19},"end":{"line":50,"column":20}},"loc":{"start":{"line":50,"column":26},"end":{"line":50,"column":41}}}},"branchMap":{"0":{"loc":{"start":{"line":49,"column":46},"end":{"line":49,"column":70}},"type":"cond-expr","locations":[{"start":{"line":49,"column":50},"end":{"line":49,"column":65}},{"start":{"line":49,"column":68},"end":{"line":49,"column":70}}]}},"s":{"0":1,"1":1,"2":1,"3":5,"4":5,"5":5,"6":5,"7":5,"8":11,"9":5,"10":5,"11":5,"12":1},"f":{"0":5,"1":11,"2":5},"b":{"0":[9,2]}}
,"/home/exszk/Git/keiko-diary/infra/awscdk/lib/S3CloudFront/BucketDistribution.ts": {"path":"/home/exszk/Git/keiko-diary/infra/awscdk/lib/S3CloudFront/BucketDistribution.ts","statementMap":{"0":{"start":{"line":1,"column":0},"end":{"line":1,"column":null}},"1":{"start":{"line":7,"column":0},"end":{"line":7,"column":79}},"2":{"start":{"line":8,"column":0},"end":{"line":8,"column":null}},"3":{"start":{"line":13,"column":0},"end":{"line":13,"column":null}},"4":{"start":{"line":27,"column":23},"end":{"line":36,"column":2}},"5":{"start":{"line":29,"column":19},"end":{"line":36,"column":2}},"6":{"start":{"line":41,"column":29},"end":{"line":54,"column":2}},"7":{"start":{"line":45,"column":25},"end":{"line":54,"column":2}},"8":{"start":{"line":65,"column":4},"end":{"line":65,"column":28}},"9":{"start":{"line":67,"column":31},"end":{"line":68,"column":null}},"10":{"start":{"line":72,"column":24},"end":{"line":75,"column":6}},"11":{"start":{"line":79,"column":22},"end":{"line":81,"column":44}},"12":{"start":{"line":80,"column":46},"end":{"line":80,"column":61}},"13":{"start":{"line":81,"column":28},"end":{"line":81,"column":43}},"14":{"start":{"line":87,"column":4},"end":{"line":87,"column":71}},"15":{"start":{"line":89,"column":25},"end":{"line":92,"column":null}},"16":{"start":{"line":99,"column":4},"end":{"line":103,"column":6}},"17":{"start":{"line":56,"column":0},"end":{"line":56,"column":13}}},"fnMap":{"0":{"name":"(anonymous_0)","decl":{"start":{"line":27,"column":23},"end":{"line":27,"column":null}},"loc":{"start":{"line":29,"column":19},"end":{"line":36,"column":2}}},"1":{"name":"(anonymous_1)","decl":{"start":{"line":41,"column":29},"end":{"line":41,"column":null}},"loc":{"start":{"line":45,"column":25},"end":{"line":54,"column":2}}},"2":{"name":"(anonymous_3)","decl":{"start":{"line":80,"column":36},"end":{"line":80,"column":37}},"loc":{"start":{"line":80,"column":46},"end":{"line":80,"column":61}}},"3":{"name":"(anonymous_4)","decl":{"start":{"line":81,"column":21},"end":{"line":81,"column":22}},"loc":{"start":{"line":81,"column":28},"end":{"line":81,"column":43}}}},"branchMap":{},"s":{"0":1,"1":1,"2":1,"3":1,"4":1,"5":4,"6":1,"7":4,"8":4,"9":4,"10":4,"11":4,"12":12,"13":4,"14":4,"15":4,"16":4,"17":1},"f":{"0":4,"1":4,"2":12,"3":4},"b":{}}
}
