TN:
SF:lib/ACM/AcmCertificate.ts
FN:17,(anonymous_0)
FN:30,(anonymous_1)
FN:36,(anonymous_2)
FN:37,(anonymous_3)
FNF:4
FNH:4
FNDA:2,(anonymous_0)
FNDA:2,(anonymous_1)
FNDA:5,(anonymous_2)
FNDA:2,(anonymous_3)
DA:1,1
DA:3,1
DA:4,1
DA:17,1
DA:20,2
DA:27,1
DA:31,2
DA:34,2
DA:36,5
DA:37,2
DA:39,2
DA:46,2
DA:52,2
DA:58,2
LF:14
LH:14
BRDA:36,0,0,4
BRDA:36,0,1,1
BRF:2
BRH:2
end_of_record
TN:
SF:lib/Route53/Rout53PublicHostedZone.ts
FN:14,(anonymous_0)
FN:49,(anonymous_2)
FN:50,(anonymous_3)
FNF:3
FNH:3
FNDA:5,(anonymous_0)
FNDA:11,(anonymous_2)
FNDA:5,(anonymous_3)
DA:1,1
DA:3,1
DA:14,1
DA:16,5
DA:25,1
DA:34,5
DA:37,5
DA:40,5
DA:47,5
DA:49,11
DA:50,5
DA:56,5
DA:64,5
LF:13
LH:13
BRDA:49,0,0,9
BRDA:49,0,1,2
BRF:2
BRH:2
end_of_record
TN:
SF:lib/S3CloudFront/BucketDistribution.ts
FN:27,(anonymous_0)
FN:41,(anonymous_1)
FN:80,(anonymous_3)
FN:81,(anonymous_4)
FNF:4
FNH:4
FNDA:4,(anonymous_0)
FNDA:4,(anonymous_1)
FNDA:12,(anonymous_3)
FNDA:4,(anonymous_4)
DA:1,1
DA:7,1
DA:8,1
DA:13,1
DA:27,1
DA:29,4
DA:41,1
DA:45,4
DA:56,1
DA:65,4
DA:67,4
DA:72,4
DA:79,4
DA:80,12
DA:81,4
DA:87,4
DA:89,4
DA:99,4
LF:18
LH:18
BRF:0
BRH:0
end_of_record
