TN:
SF:lib/ACM/AcmCertificate.ts
FN:17,(anonymous_0)
FN:30,(anonymous_1)
FN:48,(anonymous_2)
FN:49,(anonymous_3)
FNF:4
FNH:4
FNDA:6,(anonymous_0)
FNDA:6,(anonymous_1)
FNDA:17,(anonymous_2)
FNDA:6,(anonymous_3)
DA:1,1
DA:4,1
DA:17,1
DA:20,6
DA:27,1
DA:31,6
DA:34,6
DA:40,6
DA:46,6
DA:48,17
DA:49,6
DA:52,6
LF:12
LH:12
BRDA:48,0,0,15
BRDA:48,0,1,2
BRF:2
BRH:2
end_of_record
TN:
SF:lib/Route53/Rout53PublicHostedZone.ts
FN:14,(anonymous_0)
FN:49,(anonymous_2)
FN:50,(anonymous_3)
FNF:3
FNH:3
FNDA:5,(anonymous_0)
FNDA:11,(anonymous_2)
FNDA:5,(anonymous_3)
DA:1,1
DA:3,1
DA:14,1
DA:16,5
DA:25,1
DA:34,5
DA:37,5
DA:40,5
DA:47,5
DA:49,11
DA:50,5
DA:56,5
DA:64,5
LF:13
LH:13
BRDA:49,0,0,9
BRDA:49,0,1,2
BRF:2
BRH:2
end_of_record
TN:
SF:lib/S3CloudFrontRoute53/BucketDistributionARecord.ts
FN:36,(anonymous_0)
FN:50,(anonymous_1)
FN:66,(anonymous_2)
FN:102,(anonymous_4)
FN:103,(anonymous_5)
FN:114,(anonymous_6)
FN:115,(anonymous_7)
FN:135,(anonymous_8)
FN:136,(anonymous_9)
FNF:9
FNH:9
FNDA:4,(anonymous_0)
FNDA:4,(anonymous_1)
FNDA:4,(anonymous_2)
FNDA:12,(anonymous_4)
FNDA:4,(anonymous_5)
FNDA:13,(anonymous_6)
FNDA:4,(anonymous_7)
FNDA:12,(anonymous_8)
FNDA:4,(anonymous_9)
DA:1,1
DA:8,1
DA:13,1
DA:19,1
DA:27,1
DA:36,1
DA:38,4
DA:50,1
DA:54,4
DA:66,1
DA:70,4
DA:77,1
DA:87,4
DA:89,4
DA:94,4
DA:101,4
DA:102,12
DA:103,4
DA:109,4
DA:113,4
DA:114,13
DA:115,4
DA:121,4
DA:127,4
DA:133,4
DA:135,12
DA:136,4
DA:142,4
LF:28
LH:28
BRDA:135,0,0,8
BRDA:135,0,1,4
BRF:2
BRH:2
end_of_record
